[2015-01-14 10:52:34] slim-skeleton.INFO: Slim-Skeleton '/' route [] []
[2015-01-14 10:59:23] slim-skeleton.INFO: Slim-Skeleton '/' route [] []
[2015-01-14 10:59:26] slim-skeleton.INFO: Slim-Skeleton '/' route [] []
[2015-01-14 10:59:30] slim-skeleton.INFO: Slim-Skeleton '/' route [] []
[2015-01-14 10:59:31] slim-skeleton.INFO: Slim-Skeleton '/' route [] []
[2015-01-14 10:59:33] slim-skeleton.INFO: Slim-Skeleton '/' route [] []
[2015-01-14 10:59:36] slim-skeleton.INFO: Slim-Skeleton '/' route [] []
[2015-01-14 10:59:43] slim-skeleton.INFO: Slim-Skeleton '/' route [] []
[2015-01-14 11:01:39] slim-skeleton.INFO: Slim-Skeleton '/' route [] []
[2015-01-14 11:01:44] slim-skeleton.INFO: Slim-Skeleton '/' route [] []
[2015-01-14 11:05:01] slim-skeleton.INFO: Slim-Skeleton '/' route [] []
[2015-01-14 11:05:07] slim-skeleton.INFO: Slim-Skeleton '/' route [] []
[2015-01-14 11:11:31] slim-skeleton.INFO: Slim-Skeleton '/' route [] []
[2015-01-14 11:11:31] slim-skeleton.INFO: Slim-Skeleton '/' route [] []
[2015-01-14 11:11:43] slim-skeleton.INFO: Slim-Skeleton '/' route [] []
[2015-01-14 11:22:37] slim-skeleton.INFO: Slim-Skeleton '/' route [] []
[2015-01-14 11:22:46] slim-skeleton.INFO: Slim-Skeleton '/' route [] []
[2015-01-14 11:23:43] slim-skeleton.INFO: Slim-Skeleton '/' route [] []
[2015-01-14 11:27:36] slim-skeleton.INFO: Slim-Skeleton '/' route [] []
[2015-01-14 11:27:38] slim-skeleton.INFO: Slim-Skeleton '/' route [] []
[2015-01-14 11:32:31] slim-skeleton.INFO: Slim-Skeleton '/' route [] []
[2015-01-14 11:34:48] slim-skeleton.INFO: Slim-Skeleton '/' route [] []
[2015-01-14 12:26:04] slim-skeleton.INFO: Slim-Skeleton '/' route [] []
[2015-01-14 12:29:17] slim-skeleton.INFO: Slim-Skeleton '/' route [] []
[2015-01-14 12:29:19] slim-skeleton.INFO: Slim-Skeleton '/' route [] []
[2015-01-14 12:29:27] slim-skeleton.INFO: Slim-Skeleton '/' route [] []
[2015-01-14 12:29:28] slim-skeleton.INFO: Slim-Skeleton '/' route [] []
[2015-01-14 12:29:29] slim-skeleton.INFO: Slim-Skeleton '/' route [] []
[2015-01-14 12:30:53] slim-skeleton.INFO: Slim-Skeleton '/' route [] []
[2015-01-14 12:30:55] slim-skeleton.INFO: Slim-Skeleton '/' route [] []
[2015-01-14 12:31:50] slim-skeleton.INFO: Slim-Skeleton '/' route [] []
[2015-01-14 12:31:58] slim-skeleton.INFO: Slim-Skeleton '/' route [] []
[2015-01-14 12:34:49] slim-skeleton.INFO: Slim-Skeleton '/' route [] []
[2015-01-14 12:35:59] slim-skeleton.INFO: Slim-Skeleton '/' route [] []
[2015-01-14 12:48:43] slim-skeleton.INFO: Slim-Skeleton '/' route [] []
[2015-01-14 12:48:59] slim-skeleton.INFO: Slim-Skeleton '/' route [] []
[2015-01-14 12:52:41] slim-skeleton.INFO: Slim-Skeleton '/' route [] []
[2015-01-14 12:52:51] slim-skeleton.INFO: Slim-Skeleton '/' route [] []
[2015-01-14 12:52:58] slim-skeleton.INFO: Slim-Skeleton '/' route [] []
[2015-01-14 12:53:02] slim-skeleton.INFO: Slim-Skeleton '/' route [] []
[2015-01-14 12:53:03] slim-skeleton.INFO: Slim-Skeleton '/' route [] []
[2015-01-14 12:53:03] slim-skeleton.INFO: Slim-Skeleton '/' route [] []
[2015-01-14 12:53:04] slim-skeleton.INFO: Slim-Skeleton '/' route [] []
[2015-01-14 14:50:20] slim-skeleton.INFO: Slim-Skeleton '/' route [] []
[2015-01-14 14:50:29] slim-skeleton.INFO: Slim-Skeleton '/' route [] []
[2015-01-14 14:56:21] slim-skeleton.INFO: Slim-Skeleton '/' route [] []
[2015-01-14 14:57:14] slim-skeleton.INFO: Slim-Skeleton '/' route [] []
[2015-01-14 14:57:18] slim-skeleton.INFO: Slim-Skeleton '/' route [] []
[2015-01-14 14:57:26] slim-skeleton.INFO: Slim-Skeleton '/' route [] []
[2015-01-14 17:39:43] slim-skeleton.INFO: Slim-Skeleton '/' route [] []
[2015-01-14 17:40:48] slim-skeleton.INFO: Slim-Skeleton '/' route [] []
[2015-01-14 17:40:52] slim-skeleton.INFO: Slim-Skeleton '/' route [] []
[2015-01-14 17:40:53] slim-skeleton.INFO: Slim-Skeleton '/' route [] []
[2015-01-14 17:40:55] slim-skeleton.INFO: Slim-Skeleton '/' route [] []
[2015-01-16 09:50:24] slim-skeleton.INFO: Slim-Skeleton '/' route [] []
[2015-01-16 11:01:04] slim-skeleton.INFO: Slim-Skeleton '/' route [] []
[2015-01-16 11:03:06] slim-skeleton.INFO: Slim-Skeleton '/' route [] []
[2015-01-16 13:51:27] slim-skeleton.INFO: Slim-Skeleton '/' route [] []
[2015-01-16 14:02:45] slim-skeleton.INFO: Slim-Skeleton '/' route [] []
[2015-01-16 14:02:47] slim-skeleton.INFO: Slim-Skeleton '/' route [] []
[2015-01-16 14:03:27] slim-skeleton.INFO: Slim-Skeleton '/' route [] []
[2015-01-16 14:03:32] slim-skeleton.INFO: Slim-Skeleton '/' route [] []
[2015-01-16 14:04:32] slim-skeleton.INFO: Slim-Skeleton '/' route [] []
[2015-01-16 14:04:32] slim-skeleton.ERROR: exception 'ErrorException' with message 'fopen(/dev/ttyUSB0): failed to open stream: No such file or directory' in C:\www\slim-test\smarthome\public\index.php:6 Stack trace: #0 [internal function]: Slim\Slim::handleErrors(2, 'fopen(/dev/ttyU...', 'C:\www\slim-tes...', 6, Array) #1 C:\www\slim-test\smarthome\public\index.php(6): fopen('/dev/ttyUSB0', 'w+') #2 C:\www\slim-test\smarthome\public\index.php(61): readStream() #3 [internal function]: {closure}() #4 C:\www\slim-test\smarthome\vendor\slim\slim\Slim\Route.php(468): call_user_func_array(Object(Closure), Array) #5 C:\www\slim-test\smarthome\vendor\slim\slim\Slim\Slim.php(1338): Slim\Route->dispatch() #6 C:\www\slim-test\smarthome\vendor\slim\slim\Slim\Middleware\Flash.php(85): Slim\Slim->call() #7 C:\www\slim-test\smarthome\vendor\slim\slim\Slim\Middleware\MethodOverride.php(92): Slim\Middleware\Flash->call() #8 C:\www\slim-test\smarthome\vendor\slim\slim\Slim\Middleware\PrettyExceptions.php(67): Slim\Middleware\MethodOverride->call() #9 C:\www\slim-test\smarthome\vendor\slim\slim\Slim\Slim.php(1283): Slim\Middleware\PrettyExceptions->call() #10 C:\www\slim-test\smarthome\public\index.php(83): Slim\Slim->run() #11 {main} [] []
[2015-01-16 15:39:22] slim-skeleton.ERROR: exception 'ErrorException' with message 'fopen(/dev/ttyUSB0): failed to open stream: No such file or directory' in C:\www\slim-test\smarthome\public\index.php:6 Stack trace: #0 [internal function]: Slim\Slim::handleErrors(2, 'fopen(/dev/ttyU...', 'C:\www\slim-tes...', 6, Array) #1 C:\www\slim-test\smarthome\public\index.php(6): fopen('/dev/ttyUSB0', 'w+') #2 C:\www\slim-test\smarthome\public\index.php(75): readStream() #3 [internal function]: {closure}() #4 C:\www\slim-test\smarthome\vendor\slim\slim\Slim\Route.php(468): call_user_func_array(Object(Closure), Array) #5 C:\www\slim-test\smarthome\vendor\slim\slim\Slim\Slim.php(1338): Slim\Route->dispatch() #6 C:\www\slim-test\smarthome\vendor\slim\slim\Slim\Middleware\Flash.php(85): Slim\Slim->call() #7 C:\www\slim-test\smarthome\vendor\slim\slim\Slim\Middleware\MethodOverride.php(92): Slim\Middleware\Flash->call() #8 C:\www\slim-test\smarthome\vendor\slim\slim\Slim\Middleware\PrettyExceptions.php(67): Slim\Middleware\MethodOverride->call() #9 C:\www\slim-test\smarthome\vendor\slim\slim\Slim\Slim.php(1283): Slim\Middleware\PrettyExceptions->call() #10 C:\www\slim-test\smarthome\public\index.php(89): Slim\Slim->run() #11 {main} [] []
[2015-01-16 15:50:34] slim-skeleton.ERROR: exception 'ErrorException' with message 'fopen(/dev/ttyUSB0): failed to open stream: No such file or directory' in C:\www\slim-test\smarthome\public\index.php:6 Stack trace: #0 [internal function]: Slim\Slim::handleErrors(2, 'fopen(/dev/ttyU...', 'C:\www\slim-tes...', 6, Array) #1 C:\www\slim-test\smarthome\public\index.php(6): fopen('/dev/ttyUSB0', 'w+') #2 C:\www\slim-test\smarthome\public\index.php(79): readStream() #3 [internal function]: {closure}() #4 C:\www\slim-test\smarthome\vendor\slim\slim\Slim\Route.php(468): call_user_func_array(Object(Closure), Array) #5 C:\www\slim-test\smarthome\vendor\slim\slim\Slim\Slim.php(1338): Slim\Route->dispatch() #6 C:\www\slim-test\smarthome\vendor\slim\slim\Slim\Middleware\Flash.php(85): Slim\Slim->call() #7 C:\www\slim-test\smarthome\vendor\slim\slim\Slim\Middleware\MethodOverride.php(92): Slim\Middleware\Flash->call() #8 C:\www\slim-test\smarthome\vendor\slim\slim\Slim\Middleware\PrettyExceptions.php(67): Slim\Middleware\MethodOverride->call() #9 C:\www\slim-test\smarthome\vendor\slim\slim\Slim\Slim.php(1283): Slim\Middleware\PrettyExceptions->call() #10 C:\www\slim-test\smarthome\public\index.php(93): Slim\Slim->run() #11 {main} [] []
[2015-01-16 15:50:36] slim-skeleton.ERROR: exception 'ErrorException' with message 'fopen(/dev/ttyUSB0): failed to open stream: No such file or directory' in C:\www\slim-test\smarthome\public\index.php:6 Stack trace: #0 [internal function]: Slim\Slim::handleErrors(2, 'fopen(/dev/ttyU...', 'C:\www\slim-tes...', 6, Array) #1 C:\www\slim-test\smarthome\public\index.php(6): fopen('/dev/ttyUSB0', 'w+') #2 C:\www\slim-test\smarthome\public\index.php(79): readStream() #3 [internal function]: {closure}() #4 C:\www\slim-test\smarthome\vendor\slim\slim\Slim\Route.php(468): call_user_func_array(Object(Closure), Array) #5 C:\www\slim-test\smarthome\vendor\slim\slim\Slim\Slim.php(1338): Slim\Route->dispatch() #6 C:\www\slim-test\smarthome\vendor\slim\slim\Slim\Middleware\Flash.php(85): Slim\Slim->call() #7 C:\www\slim-test\smarthome\vendor\slim\slim\Slim\Middleware\MethodOverride.php(92): Slim\Middleware\Flash->call() #8 C:\www\slim-test\smarthome\vendor\slim\slim\Slim\Middleware\PrettyExceptions.php(67): Slim\Middleware\MethodOverride->call() #9 C:\www\slim-test\smarthome\vendor\slim\slim\Slim\Slim.php(1283): Slim\Middleware\PrettyExceptions->call() #10 C:\www\slim-test\smarthome\public\index.php(93): Slim\Slim->run() #11 {main} [] []
[2015-01-16 15:50:38] slim-skeleton.INFO: Slim-Skeleton '/' route [] []
[2015-01-16 15:50:41] slim-skeleton.INFO: Slim-Skeleton '/' route [] []
[2015-01-16 15:50:43] slim-skeleton.INFO: Slim-Skeleton '/' route [] []
[2015-01-16 15:50:44] slim-skeleton.INFO: Slim-Skeleton '/' route [] []
[2015-01-16 15:50:45] slim-skeleton.INFO: Slim-Skeleton '/' route [] []
[2015-01-16 15:50:46] slim-skeleton.INFO: Slim-Skeleton '/' route [] []
[2015-01-16 15:50:47] slim-skeleton.INFO: Slim-Skeleton '/' route [] []
[2015-01-16 15:50:47] slim-skeleton.INFO: Slim-Skeleton '/' route [] []
[2015-01-16 15:50:48] slim-skeleton.INFO: Slim-Skeleton '/' route [] []
[2015-01-16 15:50:52] slim-skeleton.INFO: Slim-Skeleton '/' route [] []
[2015-01-16 15:53:23] slim-skeleton.INFO: Slim-Skeleton '/' route [] []
[2015-01-16 15:54:19] slim-skeleton.INFO: Slim-Skeleton '/' route [] []
[2015-01-16 15:55:12] slim-skeleton.INFO: Slim-Skeleton '/' route [] []
[2015-01-16 15:57:42] slim-skeleton.INFO: Slim-Skeleton '/' route [] []
[2015-01-16 15:57:45] slim-skeleton.INFO: Slim-Skeleton '/' route [] []
[2015-01-16 15:57:46] slim-skeleton.INFO: Slim-Skeleton '/' route [] []
[2015-01-16 15:59:22] slim-skeleton.INFO: Slim-Skeleton '/' route [] []
[2015-01-16 16:19:29] slim-skeleton.INFO: Slim-Skeleton '/' route [] []
[2015-01-16 16:24:12] slim-skeleton.INFO: Slim-Skeleton '/' route [] []
[2015-01-16 16:25:16] slim-skeleton.INFO: Slim-Skeleton '/' route [] []
[2015-01-16 16:26:14] slim-skeleton.INFO: Slim-Skeleton '/' route [] []
[2015-01-16 16:28:43] slim-skeleton.INFO: Slim-Skeleton '/' route [] []
[2015-01-16 16:31:09] slim-skeleton.INFO: Slim-Skeleton '/' route [] []
[2015-01-16 16:31:42] slim-skeleton.INFO: Slim-Skeleton '/' route [] []
[2015-01-16 16:33:37] slim-skeleton.INFO: Slim-Skeleton '/' route [] []
[2015-01-16 16:35:32] slim-skeleton.INFO: Slim-Skeleton '/' route [] []
[2015-01-16 16:36:55] slim-skeleton.INFO: Slim-Skeleton '/' route [] []
[2015-01-16 16:37:49] slim-skeleton.INFO: Slim-Skeleton '/' route [] []
[2015-01-16 16:38:39] slim-skeleton.INFO: Slim-Skeleton '/' route [] []
[2015-01-16 16:43:01] slim-skeleton.INFO: Slim-Skeleton '/' route [] []
[2015-01-16 16:47:44] slim-skeleton.INFO: Slim-Skeleton '/' route [] []
[2015-01-16 16:48:44] slim-skeleton.INFO: Slim-Skeleton '/' route [] []
[2015-01-16 16:50:41] slim-skeleton.INFO: Slim-Skeleton '/' route [] []
[2015-01-16 16:52:29] slim-skeleton.INFO: Slim-Skeleton '/' route [] []
[2015-01-16 16:53:19] slim-skeleton.INFO: Slim-Skeleton '/' route [] []
[2015-01-16 16:53:31] slim-skeleton.INFO: Slim-Skeleton '/' route [] []
[2015-01-16 16:57:48] slim-skeleton.INFO: Slim-Skeleton '/' route [] []
[2015-01-16 17:00:12] slim-skeleton.INFO: Slim-Skeleton '/' route [] []
[2015-01-16 17:02:12] slim-skeleton.INFO: Slim-Skeleton '/' route [] []
[2015-01-16 17:02:49] slim-skeleton.INFO: Slim-Skeleton '/' route [] []
[2015-01-16 17:03:54] slim-skeleton.INFO: Slim-Skeleton '/' route [] []
[2015-01-16 17:05:04] slim-skeleton.INFO: Slim-Skeleton '/' route [] []
[2015-01-16 17:07:26] slim-skeleton.INFO: Slim-Skeleton '/' route [] []
[2015-01-16 18:04:01] slim-skeleton.INFO: Slim-Skeleton '/' route [] []
[2015-01-16 18:04:47] slim-skeleton.INFO: Slim-Skeleton '/' route [] []
[2015-01-16 18:05:16] slim-skeleton.INFO: Slim-Skeleton '/' route [] []
[2015-01-16 18:38:17] slim-skeleton.INFO: Slim-Skeleton '/' route [] []
[2015-01-16 18:39:24] slim-skeleton.INFO: Slim-Skeleton '/' route [] []
[2015-01-16 18:43:28] slim-skeleton.INFO: Slim-Skeleton '/' route [] []
[2015-01-16 18:46:32] slim-skeleton.INFO: Slim-Skeleton '/' route [] []
[2015-01-16 18:46:35] slim-skeleton.INFO: Slim-Skeleton '/' route [] []
[2015-01-16 18:46:37] slim-skeleton.INFO: Slim-Skeleton '/' route [] []
[2015-01-16 18:47:02] slim-skeleton.INFO: Slim-Skeleton '/' route [] []
[2015-01-16 18:47:06] slim-skeleton.INFO: Slim-Skeleton '/' route [] []
[2015-01-16 18:47:36] slim-skeleton.INFO: Slim-Skeleton '/' route [] []
[2015-01-16 18:47:40] slim-skeleton.INFO: Slim-Skeleton '/' route [] []
[2015-01-16 18:47:41] slim-skeleton.INFO: Slim-Skeleton '/' route [] []
[2015-01-16 18:47:58] slim-skeleton.INFO: Slim-Skeleton '/' route [] []
[2015-01-16 18:48:00] slim-skeleton.INFO: Slim-Skeleton '/' route [] []
[2015-01-16 18:48:01] slim-skeleton.INFO: Slim-Skeleton '/' route [] []
[2015-01-16 18:52:50] slim-skeleton.INFO: Slim-Skeleton '/' route [] []
[2015-01-16 18:59:50] slim-skeleton.INFO: Slim-Skeleton '/' route [] []
[2015-01-16 18:59:55] slim-skeleton.INFO: Slim-Skeleton '/' route [] []
[2015-01-16 19:01:59] slim-skeleton.INFO: Slim-Skeleton '/' route [] []
[2015-01-16 19:02:12] slim-skeleton.INFO: Slim-Skeleton '/' route [] []
[2015-01-16 19:06:26] slim-skeleton.INFO: Slim-Skeleton '/' route [] []
[2015-01-16 19:07:22] slim-skeleton.INFO: Slim-Skeleton '/' route [] []
[2015-01-16 19:07:24] slim-skeleton.INFO: Slim-Skeleton '/' route [] []
[2015-01-16 19:07:24] slim-skeleton.INFO: Slim-Skeleton '/' route [] []
[2015-01-16 19:08:10] slim-skeleton.INFO: Slim-Skeleton '/' route [] []
[2015-01-16 19:08:12] slim-skeleton.INFO: Slim-Skeleton '/' route [] []
[2015-01-16 19:08:13] slim-skeleton.INFO: Slim-Skeleton '/' route [] []
[2015-01-16 19:09:34] slim-skeleton.INFO: Slim-Skeleton '/' route [] []
[2015-01-16 19:10:55] slim-skeleton.INFO: Slim-Skeleton '/' route [] []
[2015-01-16 19:19:41] slim-skeleton.INFO: Slim-Skeleton '/sensors' route [] []
[2015-01-16 19:19:41] slim-skeleton.ERROR: exception 'ErrorException' with message 'Undefined variable: data' in C:\www\slim-test\smarthome\public\index.php:80 Stack trace: #0 C:\www\slim-test\smarthome\public\index.php(80): Slim\Slim::handleErrors(8, 'Undefined varia...', 'C:\www\slim-tes...', 80, Array) #1 [internal function]: {closure}() #2 C:\www\slim-test\smarthome\vendor\slim\slim\Slim\Route.php(468): call_user_func_array(Object(Closure), Array) #3 C:\www\slim-test\smarthome\vendor\slim\slim\Slim\Slim.php(1338): Slim\Route->dispatch() #4 C:\www\slim-test\smarthome\vendor\slim\slim\Slim\Middleware\Flash.php(85): Slim\Slim->call() #5 C:\www\slim-test\smarthome\vendor\slim\slim\Slim\Middleware\MethodOverride.php(92): Slim\Middleware\Flash->call() #6 C:\www\slim-test\smarthome\vendor\slim\slim\Slim\Middleware\PrettyExceptions.php(67): Slim\Middleware\MethodOverride->call() #7 C:\www\slim-test\smarthome\vendor\slim\slim\Slim\Slim.php(1283): Slim\Middleware\PrettyExceptions->call() #8 C:\www\slim-test\smarthome\public\index.php(113): Slim\Slim->run() #9 {main} [] []
[2015-01-16 19:20:08] slim-skeleton.INFO: Slim-Skeleton '/sensors' route [] []
[2015-01-16 19:20:11] slim-skeleton.INFO: Slim-Skeleton '/sensors' route [] []
[2015-01-16 19:20:12] slim-skeleton.INFO: Slim-Skeleton '/sensors' route [] []
[2015-01-16 19:20:14] slim-skeleton.INFO: Slim-Skeleton '/' route [] []
[2015-01-16 19:20:15] slim-skeleton.INFO: Slim-Skeleton '/sensors' route [] []
[2015-01-16 19:27:56] slim-skeleton.INFO: Slim-Skeleton '/sensors' route [] []
[2015-01-16 19:28:02] slim-skeleton.INFO: Slim-Skeleton '/' route [] []
[2015-01-16 19:28:04] slim-skeleton.INFO: Slim-Skeleton '/sensors' route [] []
[2015-01-16 19:28:11] slim-skeleton.INFO: Slim-Skeleton '/' route [] []
[2015-01-16 19:28:12] slim-skeleton.INFO: Slim-Skeleton '/sensors' route [] []
[2015-01-16 19:28:13] slim-skeleton.INFO: Slim-Skeleton '/' route [] []
[2015-01-16 19:28:15] slim-skeleton.INFO: Slim-Skeleton '/sensors' route [] []
[2015-01-16 19:28:17] slim-skeleton.INFO: Slim-Skeleton '/' route [] []
[2015-01-16 19:30:29] slim-skeleton.INFO: Slim-Skeleton '/' route [] []
[2015-01-16 19:30:38] slim-skeleton.INFO: Slim-Skeleton '/' route [] []
[2015-01-16 19:31:07] slim-skeleton.INFO: Slim-Skeleton '/' route [] []
[2015-01-16 19:32:03] slim-skeleton.INFO: Slim-Skeleton '/' route [] []
[2015-01-16 19:33:29] slim-skeleton.INFO: Slim-Skeleton '/' route [] []
[2015-01-16 19:35:04] slim-skeleton.INFO: Slim-Skeleton '/' route [] []
[2015-01-16 19:38:02] slim-skeleton.INFO: Slim-Skeleton '/' route [] []
[2015-01-16 19:40:39] slim-skeleton.INFO: Slim-Skeleton '/' route [] []
[2015-01-16 19:40:43] slim-skeleton.INFO: Slim-Skeleton '/' route [] []
[2015-01-16 19:42:46] slim-skeleton.INFO: Slim-Skeleton '/' route [] []
[2015-01-16 19:45:54] slim-skeleton.INFO: Slim-Skeleton '/' route [] []
[2015-01-16 19:46:21] slim-skeleton.INFO: Slim-Skeleton '/' route [] []
[2015-01-16 19:48:10] slim-skeleton.INFO: Slim-Skeleton '/' route [] []
[2015-01-16 19:48:11] slim-skeleton.INFO: Slim-Skeleton '/' route [] []
[2015-01-16 19:48:12] slim-skeleton.INFO: Slim-Skeleton '/' route [] []
[2015-01-16 19:49:49] slim-skeleton.INFO: Slim-Skeleton '/' route [] []
[2015-01-16 19:49:55] slim-skeleton.INFO: Slim-Skeleton '/' route [] []
[2015-01-16 19:49:58] slim-skeleton.INFO: Slim-Skeleton '/sensors' route [] []
[2015-01-16 19:49:59] slim-skeleton.INFO: Slim-Skeleton '/' route [] []
[2015-01-16 19:51:51] slim-skeleton.INFO: Slim-Skeleton '/' route [] []
[2015-01-16 19:51:53] slim-skeleton.INFO: Slim-Skeleton '/' route [] []
[2015-01-16 19:52:29] slim-skeleton.INFO: Slim-Skeleton '/' route [] []
[2015-01-16 19:52:30] slim-skeleton.INFO: Slim-Skeleton '/' route [] []
[2015-01-16 19:54:26] slim-skeleton.INFO: Slim-Skeleton '/' route [] []
[2015-01-16 19:56:40] slim-skeleton.INFO: Slim-Skeleton '/' route [] []
[2015-01-16 19:58:18] slim-skeleton.INFO: Slim-Skeleton '/' route [] []
[2015-01-16 19:58:20] slim-skeleton.INFO: Slim-Skeleton '/' route [] []
[2015-01-16 19:59:00] slim-skeleton.INFO: Slim-Skeleton '/' route [] []
[2015-01-16 19:59:15] slim-skeleton.INFO: Slim-Skeleton '/' route [] []
[2015-01-16 20:00:33] slim-skeleton.INFO: Slim-Skeleton '/' route [] []
[2015-01-16 20:00:35] slim-skeleton.INFO: Slim-Skeleton '/' route [] []
[2015-01-16 20:00:45] slim-skeleton.INFO: Slim-Skeleton '/' route [] []
[2015-01-16 20:00:46] slim-skeleton.INFO: Slim-Skeleton '/' route [] []
[2015-01-16 20:00:47] slim-skeleton.INFO: Slim-Skeleton '/' route [] []
[2015-01-16 20:01:00] slim-skeleton.INFO: Slim-Skeleton '/' route [] []
[2015-01-16 20:01:44] slim-skeleton.INFO: Slim-Skeleton '/' route [] []
[2015-01-16 20:02:34] slim-skeleton.INFO: Slim-Skeleton '/sensors' route [] []
[2015-01-16 20:02:35] slim-skeleton.INFO: Slim-Skeleton '/' route [] []
[2015-01-16 20:02:39] slim-skeleton.INFO: Slim-Skeleton '/sensors' route [] []
[2015-01-16 20:04:16] slim-skeleton.INFO: Slim-Skeleton '/' route [] []
[2015-01-16 20:04:24] slim-skeleton.INFO: Slim-Skeleton '/sensors' route [] []
[2015-01-16 20:04:25] slim-skeleton.INFO: Slim-Skeleton '/' route [] []
[2015-01-16 20:04:34] slim-skeleton.INFO: Slim-Skeleton '/sensors' route [] []
[2015-01-16 20:04:36] slim-skeleton.INFO: Slim-Skeleton '/' route [] []
[2015-01-16 20:04:56] slim-skeleton.INFO: Slim-Skeleton '/sensors' route [] []
[2015-01-16 20:04:58] slim-skeleton.INFO: Slim-Skeleton '/' route [] []
[2015-01-16 20:07:08] slim-skeleton.INFO: Slim-Skeleton '/sensors' route [] []
[2015-01-16 20:07:11] slim-skeleton.INFO: Slim-Skeleton '/' route [] []
[2015-01-16 20:07:12] slim-skeleton.INFO: Slim-Skeleton '/sensors' route [] []
[2015-01-16 20:07:14] slim-skeleton.INFO: Slim-Skeleton '/' route [] []
[2015-01-16 20:07:15] slim-skeleton.INFO: Slim-Skeleton '/sensors' route [] []
[2015-01-16 20:07:19] slim-skeleton.INFO: Slim-Skeleton '/' route [] []
[2015-01-16 20:07:20] slim-skeleton.INFO: Slim-Skeleton '/sensors' route [] []
[2015-01-16 20:11:25] slim-skeleton.INFO: Slim-Skeleton '/sensors' route [] []
[2015-01-16 20:11:44] slim-skeleton.INFO: Slim-Skeleton '/sensors' route [] []
[2015-01-16 20:12:30] slim-skeleton.INFO: Slim-Skeleton '/' route [] []
[2015-01-16 20:12:44] slim-skeleton.INFO: Slim-Skeleton '/sensors' route [] []
[2015-01-16 20:12:55] slim-skeleton.INFO: Slim-Skeleton '/' route [] []
[2015-01-16 20:12:56] slim-skeleton.INFO: Slim-Skeleton '/sensors' route [] []
[2015-01-16 20:13:03] slim-skeleton.INFO: Slim-Skeleton '/' route [] []
[2015-01-16 20:13:19] slim-skeleton.INFO: Slim-Skeleton '/sensors' route [] []
[2015-01-16 20:13:53] slim-skeleton.INFO: Slim-Skeleton '/sensors' route [] []
[2015-01-16 20:14:45] slim-skeleton.INFO: Slim-Skeleton '/sensors' route [] []
[2015-01-16 20:29:41] slim-skeleton.INFO: Slim-Skeleton '/sensors' route [] []
[2015-01-16 20:30:42] slim-skeleton.INFO: Slim-Skeleton '/sensors' route [] []
[2015-01-16 20:38:41] slim-skeleton.INFO: Slim-Skeleton '/sensors' route [] []
[2015-01-16 20:41:48] slim-skeleton.INFO: Slim-Skeleton '/sensors' route [] []
[2015-01-16 20:42:19] slim-skeleton.INFO: Slim-Skeleton '/sensors' route [] []
[2015-01-16 20:50:07] slim-skeleton.INFO: Slim-Skeleton '/sensors' route [] []
[2015-01-16 20:51:07] slim-skeleton.INFO: Slim-Skeleton '/sensors' route [] []
[2015-01-16 20:52:34] slim-skeleton.INFO: Slim-Skeleton '/sensors' route [] []
[2015-01-16 20:53:22] slim-skeleton.INFO: Slim-Skeleton '/' route [] []
[2015-01-16 20:53:24] slim-skeleton.INFO: Slim-Skeleton '/sensors' route [] []
[2015-01-16 20:57:11] slim-skeleton.INFO: Slim-Skeleton '/sensors' route [] []
[2015-01-16 21:00:50] slim-skeleton.INFO: Slim-Skeleton '/sensors' route [] []
[2015-01-16 21:01:39] slim-skeleton.INFO: Slim-Skeleton '/sensors' route [] []
[2015-01-16 21:02:07] slim-skeleton.INFO: Slim-Skeleton '/sensors' route [] []
[2015-01-16 21:04:40] slim-skeleton.INFO: Slim-Skeleton '/sensors' route [] []
[2015-01-16 21:05:09] slim-skeleton.INFO: Slim-Skeleton '/sensors' route [] []
[2015-01-16 21:05:38] slim-skeleton.INFO: Slim-Skeleton '/sensors' route [] []
[2015-01-16 21:06:00] slim-skeleton.INFO: Slim-Skeleton '/sensors' route [] []
[2015-01-16 21:06:48] slim-skeleton.INFO: Slim-Skeleton '/' route [] []
[2015-01-16 21:06:56] slim-skeleton.INFO: Slim-Skeleton '/sensors' route [] []
[2015-01-16 21:07:19] slim-skeleton.INFO: Slim-Skeleton '/' route [] []
[2015-01-16 21:07:28] slim-skeleton.INFO: Slim-Skeleton '/sensors' route [] []
[2015-01-16 21:08:29] slim-skeleton.INFO: Slim-Skeleton '/' route [] []
[2015-01-16 21:09:11] slim-skeleton.INFO: Slim-Skeleton '/sensors' route [] []
[2015-01-16 21:15:51] slim-skeleton.INFO: Slim-Skeleton '/sensors' route [] []
[2015-01-16 21:16:15] slim-skeleton.INFO: Slim-Skeleton '/sensors' route [] []
[2015-01-16 21:16:28] slim-skeleton.INFO: Slim-Skeleton '/sensors' route [] []
[2015-01-17 08:54:48] slim-skeleton.INFO: Slim-Skeleton '/' route [] []
[2015-01-17 08:55:14] slim-skeleton.INFO: Slim-Skeleton '/sensors' route [] []
[2015-01-17 08:59:11] slim-skeleton.INFO: Slim-Skeleton '/' route [] []
[2015-01-17 09:00:00] slim-skeleton.INFO: Slim-Skeleton '/sensors' route [] []
[2015-01-17 13:24:06] slim-skeleton.INFO: Slim-Skeleton '/' route [] []
[2015-01-17 13:24:17] slim-skeleton.INFO: Slim-Skeleton '/sensors' route [] []
[2015-01-17 16:59:09] slim-skeleton.INFO: Slim-Skeleton '/' route [] []
[2015-01-17 17:14:13] slim-skeleton.INFO: Slim-Skeleton '/' route [] []
[2015-01-17 17:14:16] slim-skeleton.INFO: Slim-Skeleton '/' route [] []
[2015-01-17 17:14:18] slim-skeleton.INFO: Slim-Skeleton '/sensors' route [] []
[2015-01-17 17:14:49] slim-skeleton.INFO: Slim-Skeleton '/' route [] []
[2015-01-17 17:14:58] slim-skeleton.INFO: Slim-Skeleton '/sensors' route [] []
[2015-01-17 17:15:01] slim-skeleton.INFO: Slim-Skeleton '/' route [] []
[2015-01-17 17:15:05] slim-skeleton.INFO: Slim-Skeleton '/sensors' route [] []
[2015-01-17 17:15:44] slim-skeleton.INFO: Slim-Skeleton '/sensors' route [] []
[2015-01-17 17:15:47] slim-skeleton.INFO: Slim-Skeleton '/sensors' route [] []
[2015-01-17 17:15:48] slim-skeleton.INFO: Slim-Skeleton '/sensors' route [] []
[2015-01-17 17:16:14] slim-skeleton.INFO: Slim-Skeleton '/sensors' route [] []
[2015-01-17 17:16:39] slim-skeleton.INFO: Slim-Skeleton '/sensors' route [] []
[2015-01-17 17:18:55] slim-skeleton.INFO: Slim-Skeleton '/sensors' route [] []
[2015-01-17 17:22:23] slim-skeleton.INFO: Slim-Skeleton '/sensors' route [] []
[2015-01-17 17:22:40] slim-skeleton.INFO: Slim-Skeleton '/sensors' route [] []
[2015-01-17 17:22:41] slim-skeleton.INFO: Slim-Skeleton '/sensors' route [] []
[2015-01-17 17:23:06] slim-skeleton.INFO: Slim-Skeleton '/sensors' route [] []
[2015-01-17 17:23:28] slim-skeleton.INFO: Slim-Skeleton '/sensors' route [] []
[2015-01-17 17:24:50] slim-skeleton.INFO: Slim-Skeleton '/sensors' route [] []
[2015-01-17 17:25:16] slim-skeleton.INFO: Slim-Skeleton '/sensors' route [] []
[2015-01-17 17:29:52] slim-skeleton.INFO: Slim-Skeleton '/' route [] []
[2015-01-17 17:29:55] slim-skeleton.INFO: Slim-Skeleton '/sensors' route [] []
[2015-01-17 17:30:01] slim-skeleton.INFO: Slim-Skeleton '/sensors' route [] []
[2015-01-17 17:30:03] slim-skeleton.INFO: Slim-Skeleton '/sensors' route [] []
[2015-01-17 17:31:38] slim-skeleton.INFO: Slim-Skeleton '/' route [] []
[2015-01-17 17:31:40] slim-skeleton.INFO: Slim-Skeleton '/' route [] []
[2015-01-17 17:31:41] slim-skeleton.INFO: Slim-Skeleton '/sensors' route [] []
[2015-01-17 17:31:44] slim-skeleton.INFO: Slim-Skeleton '/sensors' route [] []
[2015-01-17 17:31:45] slim-skeleton.INFO: Slim-Skeleton '/sensors' route [] []
[2015-01-17 17:32:03] slim-skeleton.INFO: Slim-Skeleton '/' route [] []
[2015-01-17 17:32:05] slim-skeleton.INFO: Slim-Skeleton '/sensors' route [] []
[2015-01-17 17:33:14] slim-skeleton.INFO: Slim-Skeleton '/sensors' route [] []
[2015-01-17 17:34:09] slim-skeleton.INFO: Slim-Skeleton '/sensors' route [] []
[2015-01-17 17:34:11] slim-skeleton.INFO: Slim-Skeleton '/sensors' route [] []
[2015-01-17 17:34:12] slim-skeleton.INFO: Slim-Skeleton '/' route [] []
[2015-01-17 17:34:13] slim-skeleton.INFO: Slim-Skeleton '/sensors' route [] []
[2015-01-17 17:34:21] slim-skeleton.INFO: Slim-Skeleton '/' route [] []
[2015-01-17 17:34:22] slim-skeleton.INFO: Slim-Skeleton '/sensors' route [] []
[2015-01-17 17:35:13] slim-skeleton.INFO: Slim-Skeleton '/sensors' route [] []
[2015-01-17 17:35:20] slim-skeleton.INFO: Slim-Skeleton '/' route [] []
[2015-01-17 17:35:21] slim-skeleton.INFO: Slim-Skeleton '/sensors' route [] []
[2015-01-17 17:46:36] slim-skeleton.INFO: Slim-Skeleton '/sensors' route [] []
[2015-01-17 17:47:09] slim-skeleton.INFO: Slim-Skeleton '/' route [] []
[2015-01-17 17:48:04] slim-skeleton.INFO: Slim-Skeleton '/' route [] []
[2015-01-17 17:48:35] slim-skeleton.INFO: Slim-Skeleton '/sensors' route [] []
[2015-01-17 17:48:55] slim-skeleton.INFO: Slim-Skeleton '/' route [] []
[2015-01-17 17:49:06] slim-skeleton.INFO: Slim-Skeleton '/sensors' route [] []
[2015-01-17 18:01:28] slim-skeleton.INFO: Slim-Skeleton '/sensors' route [] []
[2015-01-17 18:01:32] slim-skeleton.INFO: Slim-Skeleton '/' route [] []
[2015-01-17 18:02:30] slim-skeleton.INFO: Slim-Skeleton '/' route [] []
[2015-01-17 18:04:10] slim-skeleton.INFO: Slim-Skeleton '/' route [] []
[2015-01-17 18:04:31] slim-skeleton.INFO: Slim-Skeleton '/' route [] []
[2015-01-17 18:04:54] slim-skeleton.INFO: Slim-Skeleton '/' route [] []
[2015-01-17 18:05:03] slim-skeleton.INFO: Slim-Skeleton '/sensors' route [] []
[2015-01-17 18:05:24] slim-skeleton.INFO: Slim-Skeleton '/' route [] []
[2015-01-17 18:20:23] slim-skeleton.INFO: Slim-Skeleton '/' route [] []
[2015-01-17 18:22:10] slim-skeleton.INFO: Slim-Skeleton '/' route [] []
[2015-01-17 18:24:07] slim-skeleton.INFO: Slim-Skeleton '/sensors' route [] []
[2015-01-17 18:24:25] slim-skeleton.INFO: Slim-Skeleton '/sensors' route [] []
[2015-01-17 18:24:43] slim-skeleton.INFO: Slim-Skeleton '/sensors' route [] []
[2015-01-17 18:24:59] slim-skeleton.INFO: Slim-Skeleton '/sensors' route [] []
[2015-01-17 18:25:23] slim-skeleton.INFO: Slim-Skeleton '/sensors' route [] []
[2015-01-17 18:25:41] slim-skeleton.INFO: Slim-Skeleton '/sensors' route [] []
[2015-01-17 18:26:02] slim-skeleton.INFO: Slim-Skeleton '/' route [] []
[2015-01-17 18:34:29] slim-skeleton.INFO: Slim-Skeleton '/sensors' route [] []
[2015-01-17 18:35:07] slim-skeleton.INFO: Slim-Skeleton '/' route [] []
[2015-01-17 19:14:39] slim-skeleton.INFO: Slim-Skeleton '/' route [] []
[2015-01-18 20:32:55] slim-skeleton.INFO: Slim-Skeleton '/' route [] []
[2015-01-18 20:47:29] slim-skeleton.INFO: Slim-Skeleton '/' route [] []
[2015-01-18 21:02:55] slim-skeleton.INFO: Slim-Skeleton '/' route [] []
[2015-01-18 21:02:57] slim-skeleton.INFO: Slim-Skeleton '/' route [] []
[2015-01-18 21:05:10] slim-skeleton.INFO: Slim-Skeleton '/' route [] []
[2015-01-18 21:05:46] slim-skeleton.INFO: Slim-Skeleton '/' route [] []
[2015-01-18 21:11:17] slim-skeleton.INFO: SmartHome '/login' route [] []
[2015-01-18 21:14:24] slim-skeleton.INFO: SmartHome '/login' route [] []
[2015-01-18 21:14:25] slim-skeleton.INFO: SmartHome '/login' route [] []
[2015-01-18 21:14:39] slim-skeleton.INFO: SmartHome '/login' route [] []
[2015-01-18 21:16:28] slim-skeleton.INFO: SmartHome '/login' route [] []
[2015-01-18 21:16:30] slim-skeleton.INFO: SmartHome '/login' route [] []
[2015-01-18 21:16:33] slim-skeleton.INFO: SmartHome '/login' route [] []
[2015-01-18 21:17:09] slim-skeleton.INFO: SmartHome '/login' route [] []
[2015-01-18 21:17:11] slim-skeleton.INFO: SmartHome '/login' route [] []
[2015-01-18 21:17:11] slim-skeleton.INFO: SmartHome '/login' route [] []
[2015-01-18 21:17:13] slim-skeleton.INFO: SmartHome '/login' route [] []
[2015-01-18 21:17:15] slim-skeleton.INFO: SmartHome '/login' route [] []
[2015-01-18 21:17:17] slim-skeleton.INFO: SmartHome '/login' route [] []
[2015-01-18 21:17:40] slim-skeleton.INFO: SmartHome '/login' route [] []
[2015-01-18 21:17:42] slim-skeleton.INFO: SmartHome '/login' route [] []
[2015-01-18 21:17:44] slim-skeleton.INFO: SmartHome '/login' route [] []
[2015-01-18 21:17:50] slim-skeleton.INFO: SmartHome '/login' route [] []
[2015-01-18 21:17:52] slim-skeleton.INFO: SmartHome '/login' route [] []
[2015-01-18 21:17:53] slim-skeleton.INFO: SmartHome '/login' route [] []
[2015-01-18 21:18:18] slim-skeleton.INFO: SmartHome '/login' route [] []
[2015-01-18 21:18:18] slim-skeleton.INFO: SmartHome '/login' route [] []
[2015-01-18 21:28:16] slim-skeleton.INFO: SmartHome '/login' route [] []
[2015-01-18 21:28:18] slim-skeleton.INFO: SmartHome '/login' route [] []
[2015-01-18 21:28:25] slim-skeleton.INFO: SmartHome '/' route [] []
[2015-01-18 21:30:36] slim-skeleton.INFO: SmartHome '/' route [] []
[2015-01-18 21:32:38] slim-skeleton.INFO: SmartHome '/login' route [] []
[2015-01-18 21:32:47] slim-skeleton.INFO: SmartHome '/login' route [] []
[2015-01-19 10:37:30] slim-skeleton.INFO: SmartHome '/login' route [] []
[2015-01-19 10:37:40] slim-skeleton.INFO: SmartHome '/login' route [] []
[2015-01-19 10:39:59] slim-skeleton.INFO: SmartHome '/login' route [] []
[2015-01-19 10:40:01] slim-skeleton.INFO: SmartHome '/login' route [] []
[2015-01-19 10:40:05] slim-skeleton.INFO: SmartHome '/login' route [] []
[2015-01-19 10:40:11] slim-skeleton.INFO: SmartHome '/login' route [] []
[2015-01-19 10:40:12] slim-skeleton.INFO: SmartHome '/login' route [] []
[2015-01-19 10:41:25] slim-skeleton.INFO: SmartHome '/login' route [] []
[2015-01-19 10:41:30] slim-skeleton.INFO: SmartHome '/login' route [] []
[2015-01-19 10:41:38] slim-skeleton.INFO: SmartHome '/login' route [] []
[2015-01-19 10:41:43] slim-skeleton.INFO: SmartHome '/login' route [] []
[2015-01-19 10:43:45] slim-skeleton.INFO: SmartHome '/login' route [] []
[2015-01-19 10:43:52] slim-skeleton.INFO: SmartHome '/login' route [] []
[2015-01-19 10:43:56] slim-skeleton.INFO: SmartHome '/login' route [] []
[2015-01-19 10:52:32] slim-skeleton.INFO: SmartHome '/login' route [] []
[2015-01-19 10:52:36] slim-skeleton.INFO: SmartHome '/login' route [] []
[2015-01-19 10:53:49] slim-skeleton.INFO: SmartHome '/login' route [] []
[2015-01-19 10:53:50] slim-skeleton.INFO: SmartHome '/login' route [] []
[2015-01-19 10:54:04] slim-skeleton.INFO: SmartHome '/login' route [] []
[2015-01-19 10:55:17] slim-skeleton.INFO: SmartHome '/login' route [] []
[2015-01-19 10:55:23] slim-skeleton.INFO: SmartHome '/login' route [] []
[2015-01-19 11:00:09] slim-skeleton.INFO: SmartHome '/login' route [] []
[2015-01-19 11:00:12] slim-skeleton.INFO: SmartHome '/login' route [] []
[2015-01-19 11:00:13] slim-skeleton.INFO: SmartHome '/login' route [] []
[2015-01-19 11:00:18] slim-skeleton.INFO: SmartHome '/login' route [] []
[2015-01-19 11:01:31] slim-skeleton.INFO: SmartHome '/login' route [] []
[2015-01-19 11:01:32] slim-skeleton.INFO: SmartHome '/login' route [] []
[2015-01-19 11:01:33] slim-skeleton.INFO: SmartHome '/login' route [] []
[2015-01-19 11:01:33] slim-skeleton.INFO: SmartHome '/login' route [] []
[2015-01-19 11:01:34] slim-skeleton.INFO: SmartHome '/login' route [] []
[2015-01-19 11:01:40] slim-skeleton.INFO: SmartHome '/login' route [] []
[2015-01-19 11:03:24] slim-skeleton.INFO: SmartHome '/login' route [] []
[2015-01-19 11:03:29] slim-skeleton.INFO: SmartHome '/login' route [] []
[2015-01-19 11:07:46] slim-skeleton.INFO: SmartHome '/login' route [] []
[2015-01-19 11:07:48] slim-skeleton.INFO: SmartHome '/login' route [] []
[2015-01-19 11:07:54] slim-skeleton.INFO: SmartHome '/login' route [] []
[2015-01-19 11:13:09] slim-skeleton.INFO: SmartHome '/login' route [] []
[2015-01-19 11:13:14] slim-skeleton.INFO: SmartHome '/login' route [] []
[2015-01-19 11:14:53] slim-skeleton.INFO: SmartHome '/login' route [] []
[2015-01-19 11:14:54] slim-skeleton.INFO: SmartHome '/login' route [] []
[2015-01-19 11:14:57] slim-skeleton.INFO: SmartHome '/login' route [] []
[2015-01-19 11:16:46] slim-skeleton.INFO: SmartHome '/login' route [] []
[2015-01-19 11:16:47] slim-skeleton.INFO: SmartHome '/login' route [] []
[2015-01-19 11:16:50] slim-skeleton.INFO: SmartHome '/login' route [] []
[2015-01-19 11:19:04] slim-skeleton.INFO: SmartHome '/login' route [] []
[2015-01-19 11:19:08] slim-skeleton.INFO: SmartHome '/login' route [] []
[2015-01-19 11:24:50] slim-skeleton.INFO: SmartHome '/login' route [] []
[2015-01-19 11:24:59] slim-skeleton.INFO: SmartHome '/login' route [] []
[2015-01-19 11:25:05] slim-skeleton.INFO: SmartHome '/login' route [] []
[2015-01-19 11:25:28] slim-skeleton.INFO: SmartHome '/login' route [] []
[2015-01-19 11:25:30] slim-skeleton.INFO: SmartHome '/login' route [] []
[2015-01-19 11:25:31] slim-skeleton.INFO: SmartHome '/login' route [] []
[2015-01-19 11:25:34] slim-skeleton.INFO: SmartHome '/login' route [] []
[2015-01-19 11:25:55] slim-skeleton.INFO: SmartHome '/login' route [] []
[2015-01-19 11:26:33] slim-skeleton.INFO: SmartHome '/login' route [] []
[2015-01-19 11:26:34] slim-skeleton.INFO: SmartHome '/login' route [] []
[2015-01-19 11:28:19] slim-skeleton.INFO: SmartHome '/login' route [] []
[2015-01-19 11:28:20] slim-skeleton.INFO: SmartHome '/login' route [] []
[2015-01-19 11:28:21] slim-skeleton.INFO: SmartHome '/login' route [] []
[2015-01-19 11:28:50] slim-skeleton.INFO: SmartHome '/login' route [] []
[2015-01-19 11:28:51] slim-skeleton.INFO: SmartHome '/login' route [] []
[2015-01-19 11:28:52] slim-skeleton.INFO: SmartHome '/login' route [] []
[2015-01-19 11:29:08] slim-skeleton.INFO: SmartHome '/login' route [] []
[2015-01-19 11:29:09] slim-skeleton.INFO: SmartHome '/login' route [] []
[2015-01-19 11:30:21] slim-skeleton.INFO: SmartHome '/login' route [] []
[2015-01-19 11:30:22] slim-skeleton.INFO: SmartHome '/login' route [] []
[2015-01-19 11:30:38] slim-skeleton.INFO: SmartHome '/login' route [] []
[2015-01-19 11:30:42] slim-skeleton.INFO: SmartHome '/login' route [] []
[2015-01-19 11:31:41] slim-skeleton.INFO: SmartHome '/' route [] []
[2015-01-19 11:32:11] slim-skeleton.INFO: SmartHome '/login' route [] []
[2015-01-19 11:32:13] slim-skeleton.INFO: SmartHome '/login' route [] []
[2015-01-19 11:32:14] slim-skeleton.INFO: SmartHome '/login' route [] []
[2015-01-19 11:32:20] slim-skeleton.INFO: SmartHome '/login' route [] []
[2015-01-19 11:32:24] slim-skeleton.INFO: SmartHome '/login' route [] []
[2015-01-19 11:32:32] slim-skeleton.INFO: SmartHome '/' route [] []
[2015-01-19 11:32:35] slim-skeleton.INFO: SmartHome '/login' route [] []
[2015-01-19 11:33:19] slim-skeleton.INFO: SmartHome '/login' route [] []
[2015-01-19 11:33:24] slim-skeleton.INFO: SmartHome '/' route [] []
[2015-01-19 11:33:28] slim-skeleton.INFO: SmartHome '/login' route [] []
[2015-01-19 11:34:07] slim-skeleton.INFO: SmartHome '/login' route [] []
[2015-01-19 11:34:12] slim-skeleton.INFO: SmartHome '/login' route [] []
[2015-01-19 11:34:16] slim-skeleton.INFO: SmartHome '/login' route [] []
[2015-01-19 11:34:21] slim-skeleton.INFO: SmartHome '/' route [] []
[2015-01-19 11:35:19] slim-skeleton.INFO: SmartHome '/login' route [] []
[2015-01-19 11:35:27] slim-skeleton.INFO: SmartHome '/login' route [] []
[2015-01-19 11:48:48] slim-skeleton.INFO: SmartHome '/login' route [] []
[2015-01-19 11:48:53] slim-skeleton.INFO: SmartHome '/' route [] []
[2015-01-19 11:50:22] slim-skeleton.INFO: SmartHome '/sensors' route [] []
[2015-01-19 11:51:10] slim-skeleton.INFO: SmartHome '/' route [] []
[2015-01-19 11:51:37] slim-skeleton.INFO: SmartHome '/sensors' route [] []
[2015-01-19 11:51:47] slim-skeleton.INFO: SmartHome '/login' route [] []
[2015-01-19 11:51:54] slim-skeleton.INFO: SmartHome '/' route [] []
[2015-01-19 12:30:58] slim-skeleton.INFO: SmartHome '/login' route [] []
[2015-01-19 12:31:10] slim-skeleton.INFO: SmartHome '/' route [] []
[2015-01-19 12:31:31] slim-skeleton.INFO: SmartHome '/sensors' route [] []
[2015-01-19 12:31:58] slim-skeleton.INFO: SmartHome '/' route [] []
[2015-01-19 12:32:08] slim-skeleton.INFO: SmartHome '/sensors' route [] []
[2015-01-19 13:43:41] slim-skeleton.INFO: SmartHome '/login' route [] []
[2015-01-19 13:43:43] slim-skeleton.INFO: SmartHome '/login' route [] []
[2015-01-19 13:44:56] slim-skeleton.ERROR: exception 'ErrorException' with message 'Undefined index: password' in C:\www\slim-test\smarthome\lib\authentication.php:19 Stack trace: #0 C:\www\slim-test\smarthome\lib\authentication.php(19): Slim\Slim::handleErrors(8, 'Undefined index...', 'C:\www\slim-tes...', 19, Array) #1 [internal function]: {closure}() #2 C:\www\slim-test\smarthome\vendor\slim\slim\Slim\Route.php(468): call_user_func_array(Object(Closure), Array) #3 C:\www\slim-test\smarthome\vendor\slim\slim\Slim\Slim.php(1338): Slim\Route->dispatch() #4 C:\www\slim-test\smarthome\vendor\slim\slim\Slim\Middleware\Flash.php(85): Slim\Slim->call() #5 C:\www\slim-test\smarthome\vendor\slim\slim\Slim\Middleware\MethodOverride.php(92): Slim\Middleware\Flash->call() #6 C:\www\slim-test\smarthome\vendor\slim\slim\Slim\Middleware\SessionCookie.php(110): Slim\Middleware\MethodOverride->call() #7 C:\www\slim-test\smarthome\vendor\slim\slim\Slim\Middleware\PrettyExceptions.php(67): Slim\Middleware\SessionCookie->call() #8 C:\www\slim-test\smarthome\vendor\slim\slim\Slim\Slim.php(1283): Slim\Middleware\PrettyExceptions->call() #9 C:\www\slim-test\smarthome\public\index.php(85): Slim\Slim->run() #10 {main} [] []
[2015-01-19 13:45:38] slim-skeleton.INFO: SmartHome '/login' route [] []
[2015-01-19 13:45:45] slim-skeleton.ERROR: exception 'ErrorException' with message 'Undefined index: password' in C:\www\slim-test\smarthome\lib\authentication.php:19 Stack trace: #0 C:\www\slim-test\smarthome\lib\authentication.php(19): Slim\Slim::handleErrors(8, 'Undefined index...', 'C:\www\slim-tes...', 19, Array) #1 [internal function]: {closure}() #2 C:\www\slim-test\smarthome\vendor\slim\slim\Slim\Route.php(468): call_user_func_array(Object(Closure), Array) #3 C:\www\slim-test\smarthome\vendor\slim\slim\Slim\Slim.php(1338): Slim\Route->dispatch() #4 C:\www\slim-test\smarthome\vendor\slim\slim\Slim\Middleware\Flash.php(85): Slim\Slim->call() #5 C:\www\slim-test\smarthome\vendor\slim\slim\Slim\Middleware\MethodOverride.php(92): Slim\Middleware\Flash->call() #6 C:\www\slim-test\smarthome\vendor\slim\slim\Slim\Middleware\SessionCookie.php(110): Slim\Middleware\MethodOverride->call() #7 C:\www\slim-test\smarthome\vendor\slim\slim\Slim\Middleware\PrettyExceptions.php(67): Slim\Middleware\SessionCookie->call() #8 C:\www\slim-test\smarthome\vendor\slim\slim\Slim\Slim.php(1283): Slim\Middleware\PrettyExceptions->call() #9 C:\www\slim-test\smarthome\public\index.php(85): Slim\Slim->run() #10 {main} [] []
[2015-01-19 13:47:22] slim-skeleton.INFO: SmartHome '/' route [] []
[2015-01-19 13:47:31] slim-skeleton.INFO: SmartHome '/login' route [] []
[2015-01-19 13:47:39] slim-skeleton.INFO: SmartHome '/' route [] []
[2015-01-19 13:47:44] slim-skeleton.INFO: SmartHome '/login' route [] []
[2015-01-19 13:47:50] slim-skeleton.INFO: SmartHome '/login' route [] []
[2015-01-19 13:53:37] slim-skeleton.INFO: SmartHome '/login' route [] []
[2015-01-19 13:53:45] slim-skeleton.INFO: SmartHome '/' route [] []
[2015-01-19 13:53:55] slim-skeleton.INFO: SmartHome '/login' route [] []
[2015-01-19 17:27:26] slim-skeleton.INFO: SmartHome '/login' route [] []
[2015-01-19 17:30:35] slim-skeleton.ERROR: exception 'ErrorException' with message 'Trying to get property of non-object' in C:\www\slim-test\smarthome\lib\authentication.php:43 Stack trace: #0 C:\www\slim-test\smarthome\lib\authentication.php(43): Slim\Slim::handleErrors(8, 'Trying to get p...', 'C:\www\slim-tes...', 43, Array) #1 [internal function]: {closure}() #2 C:\www\slim-test\smarthome\vendor\slim\slim\Slim\Route.php(468): call_user_func_array(Object(Closure), Array) #3 C:\www\slim-test\smarthome\vendor\slim\slim\Slim\Slim.php(1338): Slim\Route->dispatch() #4 C:\www\slim-test\smarthome\vendor\slim\slim\Slim\Middleware\Flash.php(85): Slim\Slim->call() #5 C:\www\slim-test\smarthome\vendor\slim\slim\Slim\Middleware\MethodOverride.php(92): Slim\Middleware\Flash->call() #6 C:\www\slim-test\smarthome\vendor\slim\slim\Slim\Middleware\SessionCookie.php(110): Slim\Middleware\MethodOverride->call() #7 C:\www\slim-test\smarthome\vendor\slim\slim\Slim\Middleware\PrettyExceptions.php(67): Slim\Middleware\SessionCookie->call() #8 C:\www\slim-test\smarthome\vendor\slim\slim\Slim\Slim.php(1283): Slim\Middleware\PrettyExceptions->call() #9 C:\www\slim-test\smarthome\public\index.php(86): Slim\Slim->run() #10 {main} [] []
[2015-01-19 17:34:08] slim-skeleton.ERROR: exception 'ErrorException' with message 'Undefined property: stdClass::$user' in C:\www\slim-test\smarthome\lib\authentication.php:43 Stack trace: #0 C:\www\slim-test\smarthome\lib\authentication.php(43): Slim\Slim::handleErrors(8, 'Undefined prope...', 'C:\www\slim-tes...', 43, Array) #1 [internal function]: {closure}() #2 C:\www\slim-test\smarthome\vendor\slim\slim\Slim\Route.php(468): call_user_func_array(Object(Closure), Array) #3 C:\www\slim-test\smarthome\vendor\slim\slim\Slim\Slim.php(1338): Slim\Route->dispatch() #4 C:\www\slim-test\smarthome\vendor\slim\slim\Slim\Middleware\Flash.php(85): Slim\Slim->call() #5 C:\www\slim-test\smarthome\vendor\slim\slim\Slim\Middleware\MethodOverride.php(92): Slim\Middleware\Flash->call() #6 C:\www\slim-test\smarthome\vendor\slim\slim\Slim\Middleware\SessionCookie.php(110): Slim\Middleware\MethodOverride->call() #7 C:\www\slim-test\smarthome\vendor\slim\slim\Slim\Middleware\PrettyExceptions.php(67): Slim\Middleware\SessionCookie->call() #8 C:\www\slim-test\smarthome\vendor\slim\slim\Slim\Slim.php(1283): Slim\Middleware\PrettyExceptions->call() #9 C:\www\slim-test\smarthome\public\index.php(86): Slim\Slim->run() #10 {main} [] []
[2015-01-19 17:41:17] slim-skeleton.ERROR: exception 'ErrorException' with message 'Undefined variable: email' in C:\www\slim-test\smarthome\lib\authentication.php:45 Stack trace: #0 C:\www\slim-test\smarthome\lib\authentication.php(45): Slim\Slim::handleErrors(8, 'Undefined varia...', 'C:\www\slim-tes...', 45, Array) #1 [internal function]: {closure}() #2 C:\www\slim-test\smarthome\vendor\slim\slim\Slim\Route.php(468): call_user_func_array(Object(Closure), Array) #3 C:\www\slim-test\smarthome\vendor\slim\slim\Slim\Slim.php(1338): Slim\Route->dispatch() #4 C:\www\slim-test\smarthome\vendor\slim\slim\Slim\Middleware\Flash.php(85): Slim\Slim->call() #5 C:\www\slim-test\smarthome\vendor\slim\slim\Slim\Middleware\MethodOverride.php(92): Slim\Middleware\Flash->call() #6 C:\www\slim-test\smarthome\vendor\slim\slim\Slim\Middleware\SessionCookie.php(110): Slim\Middleware\MethodOverride->call() #7 C:\www\slim-test\smarthome\vendor\slim\slim\Slim\Middleware\PrettyExceptions.php(67): Slim\Middleware\SessionCookie->call() #8 C:\www\slim-test\smarthome\vendor\slim\slim\Slim\Slim.php(1283): Slim\Middleware\PrettyExceptions->call() #9 C:\www\slim-test\smarthome\public\index.php(86): Slim\Slim->run() #10 {main} [] []
[2015-01-19 17:42:39] slim-skeleton.ERROR: exception 'ErrorException' with message 'Undefined variable: email' in C:\www\slim-test\smarthome\lib\authentication.php:45 Stack trace: #0 C:\www\slim-test\smarthome\lib\authentication.php(45): Slim\Slim::handleErrors(8, 'Undefined varia...', 'C:\www\slim-tes...', 45, Array) #1 [internal function]: {closure}() #2 C:\www\slim-test\smarthome\vendor\slim\slim\Slim\Route.php(468): call_user_func_array(Object(Closure), Array) #3 C:\www\slim-test\smarthome\vendor\slim\slim\Slim\Slim.php(1338): Slim\Route->dispatch() #4 C:\www\slim-test\smarthome\vendor\slim\slim\Slim\Middleware\Flash.php(85): Slim\Slim->call() #5 C:\www\slim-test\smarthome\vendor\slim\slim\Slim\Middleware\MethodOverride.php(92): Slim\Middleware\Flash->call() #6 C:\www\slim-test\smarthome\vendor\slim\slim\Slim\Middleware\SessionCookie.php(110): Slim\Middleware\MethodOverride->call() #7 C:\www\slim-test\smarthome\vendor\slim\slim\Slim\Middleware\PrettyExceptions.php(67): Slim\Middleware\SessionCookie->call() #8 C:\www\slim-test\smarthome\vendor\slim\slim\Slim\Slim.php(1283): Slim\Middleware\PrettyExceptions->call() #9 C:\www\slim-test\smarthome\public\index.php(86): Slim\Slim->run() #10 {main} [] []
[2015-01-19 21:37:19] slim-skeleton.INFO: SmartHome '/login' route [] []
[2015-01-19 21:37:26] slim-skeleton.INFO: SmartHome '/login' route [] []
[2015-01-19 21:37:34] slim-skeleton.INFO: SmartHome '/' route [] []
[2015-01-19 21:58:20] slim-skeleton.INFO: SmartHome '/login' route [] []
[2015-01-19 21:58:32] slim-skeleton.INFO: SmartHome '/' route [] []
[2015-01-19 21:59:46] slim-skeleton.INFO: SmartHome '/login' route [] []
[2015-01-19 21:59:55] slim-skeleton.INFO: SmartHome '/' route [] []
[2015-01-19 22:45:58] slim-skeleton.INFO: SmartHome '/login' route [] []
[2015-01-19 22:46:04] slim-skeleton.INFO: SmartHome '/' route [] []
[2015-01-19 22:46:09] slim-skeleton.INFO: SmartHome '/sensors' route [] []
[2015-01-19 22:46:13] slim-skeleton.INFO: SmartHome '/' route [] []
[2015-01-19 22:46:16] slim-skeleton.INFO: SmartHome '/sensors' route [] []
[2015-01-19 22:46:18] slim-skeleton.INFO: SmartHome '/' route [] []
[2015-01-19 22:48:56] slim-skeleton.INFO: SmartHome '/sensors' route [] []
[2015-01-20 19:40:23] slim-skeleton.INFO: SmartHome '/login' route [] []
[2015-01-20 19:40:31] slim-skeleton.INFO: SmartHome '/login' route [] []
[2015-01-20 19:40:38] slim-skeleton.INFO: SmartHome '/' route [] []
[2015-01-20 19:41:14] slim-skeleton.INFO: SmartHome '/' route [] []
[2015-01-20 19:41:16] slim-skeleton.INFO: SmartHome '/' route [] []
[2015-01-20 19:41:18] slim-skeleton.INFO: SmartHome '/' route [] []
[2015-01-20 19:41:22] slim-skeleton.INFO: SmartHome '/login' route [] []
[2015-01-20 19:41:29] slim-skeleton.INFO: SmartHome '/' route [] []
[2015-01-20 19:41:57] slim-skeleton.INFO: SmartHome '/' route [] []
[2015-01-20 19:42:02] slim-skeleton.INFO: SmartHome '/login' route [] []
[2015-01-20 19:42:09] slim-skeleton.INFO: SmartHome '/' route [] []
[2015-01-20 19:42:15] slim-skeleton.INFO: SmartHome '/sensors' route [] []
[2015-01-20 19:46:15] slim-skeleton.INFO: SmartHome '/sensors' route [] []
[2015-01-20 19:48:59] slim-skeleton.INFO: SmartHome '/sensors' route [] []
[2015-01-20 20:04:39] slim-skeleton.INFO: SmartHome '/sensors' route [] []
[2015-01-20 20:06:02] slim-skeleton.INFO: SmartHome '/sensors' route [] []
[2015-01-20 20:08:03] slim-skeleton.INFO: SmartHome '/sensors' route [] []
[2015-01-20 20:09:59] slim-skeleton.INFO: SmartHome '/sensors' route [] []
[2015-01-20 20:12:02] slim-skeleton.INFO: SmartHome '/sensors' route [] []
[2015-01-20 20:17:39] slim-skeleton.INFO: SmartHome '/sensors' route [] []
[2015-01-20 20:23:52] slim-skeleton.INFO: SmartHome '/sensors' route [] []
[2015-01-20 20:25:16] slim-skeleton.INFO: SmartHome '/sensors' route [] []
[2015-01-20 20:26:03] slim-skeleton.INFO: SmartHome '/sensors' route [] []
[2015-01-20 20:27:29] slim-skeleton.INFO: SmartHome '/sensors' route [] []
[2015-01-20 20:28:00] slim-skeleton.INFO: SmartHome '/sensors' route [] []
[2015-01-20 20:28:44] slim-skeleton.INFO: SmartHome '/sensors' route [] []
[2015-01-20 20:29:03] slim-skeleton.INFO: SmartHome '/sensors' route [] []
[2015-01-20 20:30:38] slim-skeleton.INFO: SmartHome '/sensors' route [] []
[2015-01-20 20:33:41] slim-skeleton.INFO: SmartHome '/sensors' route [] []
[2015-01-20 20:34:46] slim-skeleton.INFO: SmartHome '/sensors' route [] []
[2015-01-20 20:35:44] slim-skeleton.INFO: SmartHome '/sensors' route [] []
[2015-01-20 20:36:24] slim-skeleton.INFO: SmartHome '/sensors' route [] []
[2015-01-20 20:42:40] slim-skeleton.INFO: SmartHome '/sensors' route [] []
[2015-01-20 20:43:22] slim-skeleton.INFO: SmartHome '/sensors' route [] []
[2015-01-20 20:43:27] slim-skeleton.INFO: SmartHome '/sensors' route [] []
[2015-01-20 20:43:48] slim-skeleton.INFO: SmartHome '/sensors' route [] []
[2015-01-20 20:44:13] slim-skeleton.INFO: SmartHome '/sensors' route [] []
[2015-01-20 20:44:38] slim-skeleton.INFO: SmartHome '/sensors' route [] []
[2015-01-20 20:45:34] slim-skeleton.INFO: SmartHome '/sensors' route [] []
[2015-01-20 20:46:49] slim-skeleton.INFO: SmartHome '/sensors' route [] []
[2015-01-20 21:06:09] slim-skeleton.INFO: SmartHome '/sensors' route [] []
[2015-01-20 21:07:00] slim-skeleton.INFO: SmartHome '/sensors' route [] []
[2015-01-20 21:07:57] slim-skeleton.INFO: SmartHome '/sensors' route [] []
[2015-01-20 21:12:41] slim-skeleton.INFO: SmartHome '/sensors' route [] []
[2015-01-20 21:12:54] slim-skeleton.INFO: SmartHome '/sensors' route [] []
[2015-01-20 21:20:05] slim-skeleton.INFO: SmartHome '/sensors' route [] []
[2015-01-20 21:20:35] slim-skeleton.INFO: SmartHome '/sensors' route [] []
[2015-01-20 21:21:08] slim-skeleton.INFO: SmartHome '/sensors' route [] []
[2015-01-20 21:22:01] slim-skeleton.INFO: SmartHome '/sensors' route [] []
[2015-01-20 21:23:57] slim-skeleton.INFO: SmartHome '/sensors' route [] []
[2015-01-20 21:27:28] slim-skeleton.INFO: SmartHome '/sensors' route [] []
[2015-01-20 21:33:57] slim-skeleton.INFO: SmartHome '/sensors' route [] []
[2015-01-20 21:34:45] slim-skeleton.INFO: SmartHome '/sensors' route [] []
[2015-01-20 21:34:51] slim-skeleton.INFO: SmartHome '/sensors' route [] []
[2015-01-20 21:38:15] slim-skeleton.INFO: SmartHome '/sensors' route [] []
[2015-01-20 21:39:45] slim-skeleton.INFO: SmartHome '/sensors' route [] []
[2015-01-20 21:43:03] slim-skeleton.INFO: SmartHome '/sensors' route [] []
[2015-01-20 21:44:08] slim-skeleton.INFO: SmartHome '/sensors' route [] []
[2015-01-20 21:44:28] slim-skeleton.INFO: SmartHome '/sensors' route [] []
[2015-01-20 21:44:49] slim-skeleton.INFO: SmartHome '/sensors' route [] []
[2015-01-20 21:47:56] slim-skeleton.INFO: SmartHome '/sensors' route [] []
[2015-01-20 21:50:05] slim-skeleton.INFO: SmartHome '/sensors' route [] []
[2015-01-20 21:51:16] slim-skeleton.INFO: SmartHome '/sensors' route [] []
[2015-01-20 21:58:51] slim-skeleton.INFO: SmartHome '/sensors' route [] []
[2015-01-20 22:00:19] slim-skeleton.INFO: SmartHome '/sensors' route [] []
[2015-01-20 22:00:54] slim-skeleton.INFO: SmartHome '/sensors' route [] []
[2015-01-20 22:02:22] slim-skeleton.INFO: SmartHome '/sensors' route [] []
[2015-01-20 22:05:50] slim-skeleton.INFO: SmartHome '/sensors' route [] []
[2015-01-20 22:06:19] slim-skeleton.INFO: SmartHome '/sensors' route [] []
[2015-01-20 22:07:04] slim-skeleton.INFO: SmartHome '/sensors' route [] []
[2015-01-20 22:10:09] slim-skeleton.INFO: SmartHome '/sensors' route [] []
[2015-01-20 22:10:50] slim-skeleton.INFO: SmartHome '/sensors' route [] []
[2015-01-20 22:12:02] slim-skeleton.INFO: SmartHome '/sensors' route [] []
[2015-01-20 22:12:35] slim-skeleton.INFO: SmartHome '/sensors' route [] []
[2015-01-20 22:14:19] slim-skeleton.INFO: SmartHome '/sensors' route [] []
[2015-01-20 22:24:28] slim-skeleton.INFO: SmartHome '/sensors' route [] []
[2015-01-20 22:24:43] slim-skeleton.INFO: SmartHome '/sensors' route [] []
[2015-01-20 22:25:29] slim-skeleton.INFO: SmartHome '/sensors' route [] []
[2015-01-20 22:28:31] slim-skeleton.INFO: SmartHome '/sensors' route [] []
[2015-01-20 22:29:03] slim-skeleton.INFO: SmartHome '/sensors' route [] []
[2015-01-20 22:29:59] slim-skeleton.INFO: SmartHome '/sensors' route [] []
[2015-01-20 22:33:25] slim-skeleton.INFO: SmartHome '/sensors' route [] []
[2015-01-20 22:36:55] slim-skeleton.INFO: SmartHome '/sensors' route [] []
[2015-01-20 22:45:13] slim-skeleton.INFO: SmartHome '/sensors' route [] []
[2015-01-20 22:45:16] slim-skeleton.INFO: SmartHome '/sensors' route [] []
[2015-01-20 22:46:09] slim-skeleton.INFO: SmartHome '/sensors' route [] []
[2015-01-20 22:46:13] slim-skeleton.INFO: SmartHome '/' route [] []
[2015-01-20 22:46:16] slim-skeleton.INFO: SmartHome '/sensors' route [] []
[2015-01-20 23:11:23] slim-skeleton.INFO: SmartHome '/login' route [] []
[2015-01-20 23:11:32] slim-skeleton.INFO: SmartHome '/' route [] []
[2015-01-21 23:19:26] slim-skeleton.INFO: SmartHome '/login' route [] []
[2015-01-21 23:19:36] slim-skeleton.INFO: SmartHome '/' route [] []
[2015-01-21 23:23:09] slim-skeleton.INFO: SmartHome '/sensors' route [] []
[2015-01-21 23:24:39] slim-skeleton.INFO: SmartHome '/sensors' route [] []
[2015-01-21 23:30:01] slim-skeleton.INFO: SmartHome '/sensors' route [] []
[2015-01-21 23:30:04] slim-skeleton.INFO: SmartHome '/sensors' route [] []
[2015-01-21 23:32:20] slim-skeleton.INFO: SmartHome '/' route [] []
[2015-01-21 23:32:26] slim-skeleton.INFO: SmartHome '/sensors' route [] []
[2015-01-21 23:34:04] slim-skeleton.INFO: SmartHome '/sensors' route [] []
[2015-01-21 23:35:55] slim-skeleton.INFO: SmartHome '/sensors' route [] []
[2015-01-21 23:35:58] slim-skeleton.INFO: SmartHome '/sensors' route [] []
[2015-01-21 23:36:24] slim-skeleton.INFO: SmartHome '/sensors' route [] []
[2015-01-21 23:43:29] slim-skeleton.INFO: SmartHome '/sensors' route [] []
[2015-01-21 23:45:53] slim-skeleton.INFO: SmartHome '/sensors' route [] []
[2015-01-21 23:48:39] slim-skeleton.INFO: SmartHome '/sensors' route [] []
[2015-01-21 23:48:44] slim-skeleton.INFO: SmartHome '/sensors' route [] []
[2015-01-21 23:48:49] slim-skeleton.INFO: SmartHome '/sensors' route [] []
[2015-01-21 23:49:16] slim-skeleton.INFO: SmartHome '/sensors' route [] []
[2015-01-21 23:49:58] slim-skeleton.INFO: SmartHome '/sensors' route [] []
[2015-01-21 23:55:28] slim-skeleton.INFO: SmartHome '/sensors' route [] []
[2015-01-21 23:56:17] slim-skeleton.INFO: SmartHome '/sensors' route [] []
[2015-01-21 23:56:27] slim-skeleton.INFO: SmartHome '/sensors' route [] []
[2015-01-21 23:57:59] slim-skeleton.INFO: SmartHome '/sensors' route [] []
[2015-01-21 23:58:01] slim-skeleton.INFO: SmartHome '/sensors' route [] []
[2015-01-22 00:03:47] slim-skeleton.INFO: SmartHome '/sensors' route [] []
[2015-01-22 00:05:18] slim-skeleton.INFO: SmartHome '/sensors' route [] []
[2015-01-22 00:08:37] slim-skeleton.INFO: SmartHome '/sensors' route [] []
[2015-01-22 00:10:15] slim-skeleton.INFO: SmartHome '/sensors' route [] []
[2015-01-22 00:12:15] slim-skeleton.INFO: SmartHome '/sensors' route [] []
[2015-01-22 00:12:20] slim-skeleton.INFO: SmartHome '/sensors' route [] []
[2015-01-22 00:13:36] slim-skeleton.INFO: SmartHome '/sensors' route [] []
[2015-01-22 00:13:39] slim-skeleton.INFO: SmartHome '/sensors' route [] []
[2015-01-22 00:15:09] slim-skeleton.INFO: SmartHome '/sensors' route [] []
[2015-01-22 00:15:24] slim-skeleton.INFO: SmartHome '/sensors' route [] []
[2015-01-22 00:18:09] slim-skeleton.INFO: SmartHome '/sensors' route [] []
[2015-01-22 00:25:02] slim-skeleton.INFO: SmartHome '/sensors' route [] []
[2015-01-22 00:26:20] slim-skeleton.INFO: SmartHome '/sensors' route [] []
[2015-01-22 00:26:24] slim-skeleton.INFO: SmartHome '/sensors' route [] []
[2015-01-22 00:26:49] slim-skeleton.INFO: SmartHome '/sensors' route [] []
[2015-01-22 00:26:53] slim-skeleton.INFO: SmartHome '/sensors' route [] []
[2015-01-22 00:35:24] slim-skeleton.INFO: SmartHome '/sensors' route [] []
[2015-01-22 00:37:08] slim-skeleton.INFO: SmartHome '/sensors' route [] []
[2015-01-22 00:38:36] slim-skeleton.INFO: SmartHome '/sensors' route [] []
[2015-01-22 00:39:52] slim-skeleton.INFO: SmartHome '/sensors' route [] []
[2015-01-22 00:42:11] slim-skeleton.INFO: SmartHome '/sensors' route [] []
[2015-01-22 00:42:48] slim-skeleton.INFO: SmartHome '/sensors' route [] []
[2015-01-22 00:43:18] slim-skeleton.INFO: SmartHome '/sensors' route [] []
[2015-01-22 00:44:22] slim-skeleton.INFO: SmartHome '/sensors' route [] []
[2015-01-22 00:46:26] slim-skeleton.INFO: SmartHome '/sensors' route [] []
[2015-01-22 00:46:49] slim-skeleton.INFO: SmartHome '/sensors' route [] []
[2015-01-22 01:03:37] slim-skeleton.INFO: SmartHome '/sensors' route [] []
[2015-01-22 01:05:20] slim-skeleton.INFO: SmartHome '/sensors' route [] []
[2015-01-22 01:10:43] slim-skeleton.INFO: SmartHome '/sensors' route [] []
[2015-01-22 21:02:42] slim-skeleton.INFO: SmartHome '/login' route [] []
[2015-01-22 21:18:54] slim-skeleton.INFO: SmartHome '/login' route [] []
[2015-01-22 21:23:09] slim-skeleton.INFO: SmartHome '/login' route [] []
[2015-01-22 21:23:21] slim-skeleton.INFO: SmartHome '/' route [] []
[2015-01-22 21:23:25] slim-skeleton.INFO: SmartHome '/sensors' route [] []
[2015-01-22 21:27:16] slim-skeleton.INFO: SmartHome '/sensors' route [] []
[2015-01-22 21:31:03] slim-skeleton.INFO: SmartHome '/sensors' route [] []
[2015-01-22 21:31:59] slim-skeleton.INFO: SmartHome '/sensors' route [] []
[2015-01-22 21:32:03] slim-skeleton.INFO: SmartHome '/sensors' route [] []
[2015-01-22 21:32:29] slim-skeleton.INFO: SmartHome '/sensors' route [] []
[2015-01-22 21:32:51] slim-skeleton.INFO: SmartHome '/sensors' route [] []
[2015-01-22 21:32:56] slim-skeleton.INFO: SmartHome '/sensors' route [] []
[2015-01-22 21:34:42] slim-skeleton.INFO: SmartHome '/sensors' route [] []
